#
# There is insufficient memory for the Java Runtime Environment to continue.
# Native memory allocation (mmap) failed to map 268435456 bytes for Failed to commit area from 0x0000000700c00000 to 0x0000000710c00000 of length 268435456.
# Possible reasons:
#   The system is out of physical RAM or swap space
#   The process is running with CompressedOops enabled, and the Java Heap may be blocking the growth of the native heap
# Possible solutions:
#   Reduce memory load on the system
#   Increase physical memory or swap space
#   Check if swap backing store is full
#   Decrease Java heap size (-Xmx/-Xms)
#   Decrease number of Java threads
#   Decrease Java thread stack sizes (-Xss)
#   Set larger code cache with -XX:ReservedCodeCacheSize=
# This output file may be truncated or incomplete.
#
#  Out of Memory Error (t:/workspace/open/src/hotspot/os/windows/os_windows.cpp:3301), pid=22064, tid=22120
#
# JRE version:  (13.0.2+8) (build )
# Java VM: Java HotSpot(TM) 64-Bit Server VM (13.0.2+8, mixed mode, aot, sharing, tiered, compressed oops, g1 gc, windows-amd64)
# No core dump will be written. Minidumps are not enabled by default on client versions of Windows
#

---------------  S U M M A R Y ------------

Command Line: -Dfile.encoding=Cp1252 Main

Host: AMD Ryzen 5 2600X Six-Core Processor           , 12 cores, 15G,  Windows 10 , 64 bit Build 18362 (10.0.18362.1110)
Time: Sun Dec 20 14:31:00 2020 Eastern Standard Time elapsed time: 0 seconds (0d 0h 0m 0s)

---------------  T H R E A D  ---------------

Current thread (0x0000019afe31c000):  JavaThread "Unknown thread" [_thread_in_vm, id=22120, stack(0x000000365a700000,0x000000365a800000)]

Stack: [0x000000365a700000,0x000000365a800000]
Native frames: (J=compiled Java code, j=interpreted, Vv=VM code, C=native code)
V  [jvm.dll+0x624f9a]
V  [jvm.dll+0x770cfa]
V  [jvm.dll+0x7724af]
V  [jvm.dll+0x772ab3]
V  [jvm.dll+0x24bf08]
V  [jvm.dll+0x6222aa]
V  [jvm.dll+0x6170b5]
V  [jvm.dll+0x30a88c]
V  [jvm.dll+0x30a6c2]
V  [jvm.dll+0x30fe36]
V  [jvm.dll+0x353f46]
V  [jvm.dll+0x353720]
V  [jvm.dll+0x2e550a]
V  [jvm.dll+0x2e67a2]
V  [jvm.dll+0x74dd78]
V  [jvm.dll+0x361989]
V  [jvm.dll+0x730e65]
V  [jvm.dll+0x3cc53f]
V  [jvm.dll+0x3ce861]
C  [jli.dll+0x51ff]
C  [ucrtbase.dll+0x210b2]
C  [KERNEL32.DLL+0x17c24]
C  [ntdll.dll+0x6d4d1]


---------------  P R O C E S S  ---------------

Threads class SMR info:
_java_thread_list=0x00007ffb6476ccb8, length=0, elements={
}

Java Threads: ( => current thread )

Other Threads:
  0x0000019afe385800 GCTaskThread "GC Thread#0" [stack: 0x000000365a800000,0x000000365a900000] [id=8544]
  0x0000019afe3aa800 ConcurrentGCThread "G1 Main Marker" [stack: 0x000000365a900000,0x000000365aa00000] [id=19000]
  0x0000019afe3ab800 ConcurrentGCThread "G1 Conc#0" [stack: 0x000000365aa00000,0x000000365ab00000] [id=5332]

[error occurred during error reporting (printing all threads), id 0xc0000005, EXCEPTION_ACCESS_VIOLATION (0xc0000005) at pc=0x00007ffb63fa51d7]

VM state:not at safepoint (not fully initialized)

VM Mutex/Monitor currently owned by a thread:  ([mutex/lock_event])
[0x0000019afe318910] Heap_lock - owner thread: 0x0000019afe31c000

Heap address: 0x0000000700c00000, size: 4084 MB, Compressed Oops mode: Non-zero based: 0x0000000700c00000
Narrow klass base: 0x0000000000000000, Narrow klass shift: 0

GC Heap History (0 events):
No events

Deoptimization events (0 events):
No events

Classes unloaded (0 events):
No events

Classes redefined (0 events):
No events

Internal exceptions (0 events):
No events

Events (8 events):
Event: 0.006 Loaded shared library C:\Program Files\Java\jdk-13.0.2\bin\zip.dll
Event: 0.006 Loaded shared library C:\Program Files\Java\jdk-13.0.2\bin\jimage.dll
Event: 0.007 Loading shared library C:\Program Files\Java\jdk-13.0.2\lib\libjava.base-coop.dll failed, error code 126
Event: 0.007 Loading shared library C:\Program Files\Java\jdk-13.0.2\lib\libjava.logging-coop.dll failed, error code 126
Event: 0.007 Loading shared library C:\Program Files\Java\jdk-13.0.2\lib\libjdk.compiler-coop.dll failed, error code 126
Event: 0.007 Loading shared library C:\Program Files\Java\jdk-13.0.2\lib\libjdk.scripting.nashorn-coop.dll failed, error code 126
Event: 0.007 Loading shared library C:\Program Files\Java\jdk-13.0.2\lib\libjdk.internal.vm.ci-coop.dll failed, error code 126
Event: 0.007 Loading shared library C:\Program Files\Java\jdk-13.0.2\lib\libjdk.internal.vm.compiler-coop.dll failed, error code 126


Dynamic libraries:
0x00007ff64b7b0000 - 0x00007ff64b7bf000 	C:\Program Files\Java\jdk-13.0.2\bin\javaw.exe
0x00007ffbe29c0000 - 0x00007ffbe2bb0000 	C:\Windows\SYSTEM32\ntdll.dll
0x00007ffbe2860000 - 0x00007ffbe2912000 	C:\Windows\System32\KERNEL32.DLL
0x00007ffbe0330000 - 0x00007ffbe05d5000 	C:\Windows\System32\KERNELBASE.dll
0x00007ffbe05e0000 - 0x00007ffbe06da000 	C:\Windows\System32\ucrtbase.dll
0x00007ffbbe4d0000 - 0x00007ffbbe4e5000 	C:\Program Files\Java\jdk-13.0.2\bin\VCRUNTIME140.dll
0x00007ffbc3c90000 - 0x00007ffbc3ca8000 	C:\Program Files\Java\jdk-13.0.2\bin\jli.dll
0x00007ffbe0fe0000 - 0x00007ffbe1083000 	C:\Windows\System32\ADVAPI32.dll
0x00007ffbe2430000 - 0x00007ffbe24ce000 	C:\Windows\System32\msvcrt.dll
0x00007ffbe1d30000 - 0x00007ffbe1dc7000 	C:\Windows\System32\sechost.dll
0x00007ffbe2670000 - 0x00007ffbe2790000 	C:\Windows\System32\RPCRT4.dll
0x00007ffbe24d0000 - 0x00007ffbe2664000 	C:\Windows\System32\USER32.dll
0x00007ffbe06e0000 - 0x00007ffbe0701000 	C:\Windows\System32\win32u.dll
0x00007ffbd4990000 - 0x00007ffbd4c14000 	C:\Windows\WinSxS\amd64_microsoft.windows.common-controls_6595b64144ccf1df_6.0.18362.1256_none_9e7e379be45e40e2\COMCTL32.dll
0x00007ffbe0b20000 - 0x00007ffbe0b46000 	C:\Windows\System32\GDI32.dll
0x00007ffbe0ca0000 - 0x00007ffbe0fd6000 	C:\Windows\System32\combase.dll
0x00007ffbdf930000 - 0x00007ffbdfac6000 	C:\Windows\System32\gdi32full.dll
0x00007ffbe09d0000 - 0x00007ffbe0a6e000 	C:\Windows\System32\msvcp_win.dll
0x00007ffbe08c0000 - 0x00007ffbe0941000 	C:\Windows\System32\bcryptPrimitives.dll
0x00007ffbd9700000 - 0x00007ffbd970a000 	C:\Windows\SYSTEM32\VERSION.dll
0x00007ffbe1dd0000 - 0x00007ffbe1dfe000 	C:\Windows\System32\IMM32.DLL
0x00007ffbbe430000 - 0x00007ffbbe4cb000 	C:\Program Files\Java\jdk-13.0.2\bin\msvcp140.dll
0x00007ffb63cb0000 - 0x00007ffb6480d000 	C:\Program Files\Java\jdk-13.0.2\bin\server\jvm.dll
0x00007ffbe0c90000 - 0x00007ffbe0c98000 	C:\Windows\System32\PSAPI.DLL
0x00007ffbbf9a0000 - 0x00007ffbbf9a9000 	C:\Windows\SYSTEM32\WSOCK32.dll
0x00007ffbdd7a0000 - 0x00007ffbdd7c4000 	C:\Windows\SYSTEM32\WINMM.dll
0x00007ffbe1090000 - 0x00007ffbe10ff000 	C:\Windows\System32\WS2_32.dll
0x00007ffbdd320000 - 0x00007ffbdd34d000 	C:\Windows\SYSTEM32\winmmbase.dll
0x00007ffbe0950000 - 0x00007ffbe099a000 	C:\Windows\System32\cfgmgr32.dll
0x00007ffbdf870000 - 0x00007ffbdf881000 	C:\Windows\System32\kernel.appcore.dll
0x00007ffbc4500000 - 0x00007ffbc4510000 	C:\Program Files\Java\jdk-13.0.2\bin\verify.dll
0x00007ffbcb420000 - 0x00007ffbcb614000 	C:\Windows\SYSTEM32\DBGHELP.DLL
0x00007ffbd2b00000 - 0x00007ffbd2b2a000 	C:\Windows\SYSTEM32\dbgcore.DLL
0x00007ffbbfb30000 - 0x00007ffbbfb56000 	C:\Program Files\Java\jdk-13.0.2\bin\java.dll
0x00007ffbc3c20000 - 0x00007ffbc3c37000 	C:\Program Files\Java\jdk-13.0.2\bin\zip.dll
0x00007ffbbfb20000 - 0x00007ffbbfb2a000 	C:\Program Files\Java\jdk-13.0.2\bin\jimage.dll

dbghelp: loaded successfully - version: 4.0.5 - missing functions: none
symbol engine: initialized successfully - sym options: 0x614 - pdb path: .;C:\Program Files\Java\jdk-13.0.2\bin;C:\Windows\SYSTEM32;C:\Windows\WinSxS\amd64_microsoft.windows.common-controls_6595b64144ccf1df_6.0.18362.1256_none_9e7e379be45e40e2;C:\Program Files\Java\jdk-13.0.2\bin\server

VM Arguments:
jvm_args: -Dfile.encoding=Cp1252 
java_command: Main
java_class_path (initial): C:\Users\isrek\eclipse-workspace\Chess\bin
Launcher Type: SUN_STANDARD

[Global flags]
     intx CICompilerCount                          = 4                                         {product} {ergonomic}
     uint ConcGCThreads                            = 3                                         {product} {ergonomic}
     uint G1ConcRefinementThreads                  = 10                                        {product} {ergonomic}
   size_t G1HeapRegionSize                         = 1048576                                   {product} {ergonomic}
    uintx GCDrainStackTargetSize                   = 64                                        {product} {ergonomic}
   size_t InitialHeapSize                          = 268435456                                 {product} {ergonomic}
   size_t MarkStackSize                            = 4194304                                   {product} {ergonomic}
   size_t MaxHeapSize                              = 4282384384                                {product} {ergonomic}
   size_t MinHeapDeltaBytes                        = 1048576                                   {product} {ergonomic}
   size_t MinHeapSize                              = 8388608                                   {product} {ergonomic}
    uintx NonNMethodCodeHeapSize                   = 5839372                                {pd product} {ergonomic}
    uintx NonProfiledCodeHeapSize                  = 122909434                              {pd product} {ergonomic}
    uintx ProfiledCodeHeapSize                     = 122909434                              {pd product} {ergonomic}
    uintx ReservedCodeCacheSize                    = 251658240                              {pd product} {ergonomic}
     bool SegmentedCodeCache                       = true                                      {product} {ergonomic}
   size_t SoftMaxHeapSize                          = 4282384384                             {manageable} {ergonomic}
     bool UseCompressedClassPointers               = true                                 {lp64_product} {ergonomic}
     bool UseCompressedOops                        = true                                 {lp64_product} {ergonomic}
     bool UseG1GC                                  = true                                      {product} {ergonomic}
     bool UseLargePagesIndividualAllocation        = false                                  {pd product} {ergonomic}

Logging:
Log output configuration:
 #0: stdout all=warning uptime,level,tags
 #1: stderr all=off uptime,level,tags

Environment Variables:
PATH=C:/Program Files/Java/jdk-13.0.2/bin/server;C:/Program Files/Java/jdk-13.0.2/bin;C:\Windows\system32;C:\Windows;C:\Windows\System32\Wbem;C:\Windows\System32\WindowsPowerShell\v1.0\;C:\Windows\System32\OpenSSH\;C:\Program Files\NVIDIA Corporation\NVIDIA NvDLISR;C:\Program Files (x86)\NVIDIA Corporation\PhysX\Common;C:\Program Files\Java\jdk-13.0.2\bin;C:\Program Files\Git\cmd;C:\Users\isrek\AppData\Local\Microsoft\WindowsApps;C:\Program Files\heroku\bin;C:\Users\isrek\AppData\Local\Programs\Microsoft VS Code\bin;C:\Windows\system32;
USERNAME=isrek
OS=Windows_NT
PROCESSOR_IDENTIFIER=AMD64 Family 23 Model 8 Stepping 2, AuthenticAMD



---------------  S Y S T E M  ---------------

OS: Windows 10 , 64 bit Build 18362 (10.0.18362.1110)

CPU:total 12 (initial active 12) (12 cores per cpu, 2 threads per core) family 23 model 8 stepping 2, cmov, cx8, fxsr, mmx, sse, sse2, sse3, ssse3, sse4.1, sse4.2, popcnt, avx, avx2, aes, clmul, mmxext, 3dnowpref, lzcnt, sse4a, ht, tsc, tscinvbit, tscinv, bmi1, bmi2, adx, sha, fma

Memory: 4k page, system-wide physical 16332M (8827M free)
TotalPageFile size 30641M (AvailPageFile size 142M)
current process WorkingSet (physical memory assigned to process): 10M, peak: 10M
current process commit charge ("private bytes"): 65M, peak: 321M

vm_info: Java HotSpot(TM) 64-Bit Server VM (13.0.2+8) for windows-amd64 JRE (13.0.2+8), built on Dec 11 2019 09:20:33 by "mach5one" with unknown MS VC++:1916

END.
